{
  "stats": {
    "suites": 1,
    "tests": 2,
    "passes": 2,
    "pending": 0,
    "failures": 0,
    "start": "2022-10-10T00:23:59.775Z",
    "end": "2022-10-10T00:24:13.705Z",
    "duration": 13930,
    "testsRegistered": 2,
    "passPercent": 100,
    "pendingPercent": 0,
    "other": 0,
    "hasOther": false,
    "skipped": 0,
    "hasSkipped": false
  },
  "results": [
    {
      "uuid": "71e4814e-8bfc-46ec-8b0e-49be9684de9c",
      "title": "",
      "fullFile": "cypress/integration/features/Login_Verification/Validate_Login_Page.feature",
      "file": "cypress/integration/features/Login_Verification/Validate_Login_Page.feature",
      "beforeHooks": [],
      "afterHooks": [],
      "tests": [],
      "suites": [
        {
          "uuid": "d50e3f94-5635-4879-a567-6258ba6ecb12",
          "title": "As a user, I should be able to access the application using valid credentials only",
          "fullFile": "",
          "file": "",
          "beforeHooks": [],
          "afterHooks": [],
          "tests": [
            {
              "title": "Error message thrown when user uses invalid credentials",
              "fullTitle": "As a user, I should be able to access the application using valid credentials only Error message thrown when user uses invalid credentials",
              "timedOut": null,
              "duration": 5714,
              "state": "passed",
              "speed": "slow",
              "pass": true,
              "fail": false,
              "pending": false,
              "context": null,
              "code": "const state = window.testState;\nreturn cy\n  .then(() => state.onStartScenario(scenario, indexedSteps))\n  .then(() =>\n    resolveAndRunBeforeHooks.call(this, scenario.tags, state.feature.name)\n  )\n  .then(() =>\n    indexedSteps.forEach((step) =>\n      stepTest.call(this, state, step, rowData)\n    )\n  )\n  .then(() => state.onFinishScenario(scenario));",
              "err": {},
              "uuid": "eb6f3866-fe46-4d99-9246-e39e36f6198f",
              "parentUUID": "d50e3f94-5635-4879-a567-6258ba6ecb12",
              "isHook": false,
              "skipped": false
            },
            {
              "title": "User is able login successfully using valid password",
              "fullTitle": "As a user, I should be able to access the application using valid credentials only User is able login successfully using valid password",
              "timedOut": null,
              "duration": 5976,
              "state": "passed",
              "speed": "slow",
              "pass": true,
              "fail": false,
              "pending": false,
              "context": null,
              "code": "const state = window.testState;\nreturn cy\n  .then(() => state.onStartScenario(scenario, indexedSteps))\n  .then(() =>\n    resolveAndRunBeforeHooks.call(this, scenario.tags, state.feature.name)\n  )\n  .then(() =>\n    indexedSteps.forEach((step) =>\n      stepTest.call(this, state, step, rowData)\n    )\n  )\n  .then(() => state.onFinishScenario(scenario));",
              "err": {},
              "uuid": "c0c61ac3-d6cd-4233-88c5-072e453b9251",
              "parentUUID": "d50e3f94-5635-4879-a567-6258ba6ecb12",
              "isHook": false,
              "skipped": false
            }
          ],
          "suites": [],
          "passes": [
            "eb6f3866-fe46-4d99-9246-e39e36f6198f",
            "c0c61ac3-d6cd-4233-88c5-072e453b9251"
          ],
          "failures": [],
          "pending": [],
          "skipped": [],
          "duration": 11690,
          "root": false,
          "rootEmpty": false,
          "_timeout": 2000
        }
      ],
      "passes": [],
      "failures": [],
      "pending": [],
      "skipped": [],
      "duration": 0,
      "root": true,
      "rootEmpty": true,
      "_timeout": 2000
    }
  ],
  "meta": {
    "mocha": {
      "version": "7.0.1"
    },
    "mochawesome": {
      "options": {
        "quiet": false,
        "reportFilename": "mochawesome",
        "saveHtml": false,
        "saveJson": true,
        "consoleReporter": "spec",
        "useInlineDiffs": false,
        "code": true
      },
      "version": "7.1.3"
    },
    "marge": {
      "options": {
        "html": false,
        "json": true,
        "overwrite": false,
        "reportDir": "cypress/reports"
      },
      "version": "6.2.0"
    }
  }
}